<?xml version="1.0" encoding="UTF-8"?>
<!-- Generated by org.testng.reporters.JUnitReportReporter -->
<testsuite skipped="0" hostname="RaghavendraPrasadR" name="testCases.TC_001" tests="2" failures="0" timestamp="05 Jul 2020 16:43:42 GMT" time="20.169" errors="0">
  <testcase name="navigateToHomePage" time="2.943" classname="testCases.TC_001"/>
  <testcase name="selectingProductBasedOnTemperature" time="17.226" classname="testCases.TC_001"/>
</testsuite> <!-- testCases.TC_001 -->
