<?xml version="1.0" encoding="UTF-8"?>
<!-- Generated by org.testng.reporters.JUnitReportReporter -->
<testsuite skipped="0" hostname="RaghavendraPrasadR" name="testCases.TC_001" tests="1" failures="0" timestamp="04 Jul 2020 16:18:18 GMT" time="4.377" errors="0">
  <testcase name="selectingProductBasedOnTemperature" time="4.377" classname="testCases.TC_001"/>
</testsuite> <!-- testCases.TC_001 -->
