<?xml version="1.0" encoding="UTF-8"?>
<!-- Generated by org.testng.reporters.JUnitReportReporter -->
<testsuite skipped="0" hostname="RaghavendraPrasadR" name="testCases.TC_001" tests="1" failures="0" timestamp="04 Jul 2020 15:25:12 GMT" time="2.389" errors="0">
  <testcase name="selectingProductBasedOnTemperature" time="2.389" classname="testCases.TC_001"/>
</testsuite> <!-- testCases.TC_001 -->
