<?xml version="1.0" encoding="UTF-8"?>
<!-- Generated by org.testng.reporters.JUnitReportReporter -->
<testsuite skipped="0" hostname="RaghavendraPrasadR" name="testCases.BaseClass" tests="1" failures="0" timestamp="04 Jul 2020 14:23:23 GMT" time="0.057" errors="0">
  <testcase name="Test1" time="0.057" classname="testCases.BaseClass"/>
</testsuite> <!-- testCases.BaseClass -->
