<?xml version="1.0" encoding="UTF-8"?>
<!-- Generated by org.testng.reporters.JUnitReportReporter -->
<testsuite skipped="0" hostname="RaghavendraPrasadR" name="testCases.BaseClass" tests="1" failures="0" timestamp="05 Jul 2020 14:23:42 GMT" time="2.603" errors="0">
  <testcase name="navigateToHomePage" time="2.603" classname="testCases.BaseClass"/>
</testsuite> <!-- testCases.BaseClass -->
