<?xml version="1.0" encoding="UTF-8"?>
<!-- Generated by org.testng.reporters.JUnitReportReporter -->
<testsuite skipped="0" hostname="RaghavendraPrasadR" name="testCases.TC_001" tests="2" failures="0" timestamp="05 Jul 2020 16:56:07 GMT" time="19.157" errors="0">
  <testcase name="navigateToHomePage" time="3.391" classname="testCases.TC_001"/>
  <testcase name="selectingProductBasedOnTemperature" time="15.766" classname="testCases.TC_001"/>
</testsuite> <!-- testCases.TC_001 -->
