<?xml version="1.0" encoding="UTF-8"?>
<!-- Generated by org.testng.reporters.JUnitReportReporter -->
<testsuite skipped="0" hostname="RaghavendraPrasadR" name="testCases.TC_001" tests="2" failures="0" timestamp="05 Jul 2020 16:41:38 GMT" time="14.475" errors="0">
  <testcase name="navigateToHomePage" time="2.772" classname="testCases.TC_001"/>
  <testcase name="selectingProductBasedOnTemperature" time="11.703" classname="testCases.TC_001"/>
</testsuite> <!-- testCases.TC_001 -->
